TN:
SF:src\app.js
FN:9,App
FN:15,middlewares
FN:19,routes
FNF:3
FNH:3
FNDA:3,App
FNDA:3,middlewares
FNDA:3,routes
DA:1,1
DA:2,1
DA:3,1
DA:4,1
DA:5,1
DA:6,1
DA:7,1
DA:8,1
DA:9,1
DA:10,3
DA:11,3
DA:12,3
DA:13,3
DA:14,1
DA:15,1
DA:16,3
DA:17,3
DA:18,1
DA:19,1
DA:20,3
DA:21,3
DA:22,1
DA:23,1
DA:24,1
LF:24
LH:24
BRDA:3,0,0,0
BRDA:9,1,0,3
BRDA:15,2,0,3
BRDA:19,3,0,3
BRF:4
BRH:3
end_of_record
TN:
SF:src\config\database.js
FN:5,Database
FN:9,connect
FNF:2
FNH:2
FNDA:3,Database
FNDA:6,connect
DA:1,1
DA:2,1
DA:3,1
DA:4,1
DA:5,1
DA:6,3
DA:7,3
DA:8,1
DA:9,1
DA:10,6
DA:11,6
DA:12,1
DA:13,1
DA:14,1
LF:14
LH:14
BRDA:5,0,0,3
BRDA:9,1,0,6
BRF:2
BRH:2
end_of_record
TN:
SF:src\controllers\AuthController.js
FN:5,authenticate
FNF:1
FNH:0
FNDA:0,authenticate
DA:1,1
DA:2,1
DA:3,1
DA:4,1
DA:5,1
DA:6,0
DA:7,0
DA:8,0
DA:9,0
DA:10,0
DA:11,0
DA:12,0
DA:13,1
DA:14,1
DA:15,1
LF:15
LH:8
BRF:0
BRH:0
end_of_record
TN:
SF:src\controllers\CarController.js
FN:5,registeCar
FN:14,findAllCars
FN:23,findCarById
FN:32,updateCar
FN:41,updateAccessories
FN:50,deleteCar
FNF:6
FNH:0
FNDA:0,registeCar
FNDA:0,findAllCars
FNDA:0,findCarById
FNDA:0,updateCar
FNDA:0,updateAccessories
FNDA:0,deleteCar
DA:1,1
DA:2,1
DA:3,1
DA:4,1
DA:5,1
DA:6,0
DA:7,0
DA:8,0
DA:9,0
DA:10,0
DA:11,0
DA:12,0
DA:13,1
DA:14,1
DA:15,0
DA:16,0
DA:17,0
DA:18,0
DA:19,0
DA:20,0
DA:21,0
DA:22,1
DA:23,1
DA:24,0
DA:25,0
DA:26,0
DA:27,0
DA:28,0
DA:29,0
DA:30,0
DA:31,1
DA:32,1
DA:33,0
DA:34,0
DA:35,0
DA:36,0
DA:37,0
DA:38,0
DA:39,0
DA:40,1
DA:41,1
DA:42,0
DA:43,0
DA:44,0
DA:45,0
DA:46,0
DA:47,0
DA:48,0
DA:49,1
DA:50,1
DA:51,0
DA:52,0
DA:53,0
DA:54,0
DA:55,0
DA:56,0
DA:57,0
DA:58,1
DA:59,1
DA:60,1
LF:60
LH:18
BRF:0
BRH:0
end_of_record
TN:
SF:src\controllers\FleetController.js
FN:5,createFleet
FN:14,findFleet
FN:23,findFleetById
FN:32,updateFleet
FN:41,deleteFleet
FNF:5
FNH:0
FNDA:0,createFleet
FNDA:0,findFleet
FNDA:0,findFleetById
FNDA:0,updateFleet
FNDA:0,deleteFleet
DA:1,1
DA:2,1
DA:3,1
DA:4,1
DA:5,1
DA:6,0
DA:7,0
DA:8,0
DA:9,0
DA:10,0
DA:11,0
DA:12,0
DA:13,1
DA:14,1
DA:15,0
DA:16,0
DA:17,0
DA:18,0
DA:19,0
DA:20,0
DA:21,0
DA:22,1
DA:23,1
DA:24,0
DA:25,0
DA:26,0
DA:27,0
DA:28,0
DA:29,0
DA:30,0
DA:31,1
DA:32,1
DA:33,0
DA:34,0
DA:35,0
DA:36,0
DA:37,0
DA:38,0
DA:39,0
DA:40,1
DA:41,1
DA:42,0
DA:43,0
DA:44,0
DA:45,0
DA:46,0
DA:47,0
DA:48,0
DA:49,1
DA:50,1
DA:51,1
LF:51
LH:16
BRF:0
BRH:0
end_of_record
TN:
SF:src\controllers\PersonController.js
FN:5,registePerson
FN:14,findAllPeople
FN:23,findPersonById
FN:32,updatePerson
FN:41,deletePerson
FNF:5
FNH:5
FNDA:8,registePerson
FNDA:2,findAllPeople
FNDA:1,findPersonById
FNDA:1,updatePerson
FNDA:1,deletePerson
DA:1,1
DA:2,1
DA:3,1
DA:4,1
DA:5,1
DA:6,8
DA:7,8
DA:8,8
DA:9,8
DA:10,2
DA:11,2
DA:12,8
DA:13,1
DA:14,1
DA:15,2
DA:16,2
DA:17,1
DA:18,1
DA:19,1
DA:20,1
DA:21,2
DA:22,1
DA:23,1
DA:24,1
DA:25,1
DA:26,1
DA:27,1
DA:28,0
DA:29,0
DA:30,1
DA:31,1
DA:32,1
DA:33,1
DA:34,1
DA:35,1
DA:36,1
DA:37,0
DA:38,0
DA:39,1
DA:40,1
DA:41,1
DA:42,1
DA:43,1
DA:44,1
DA:45,1
DA:46,0
DA:47,0
DA:48,1
DA:49,1
DA:50,1
DA:51,1
LF:51
LH:45
BRDA:5,0,0,8
BRDA:9,1,0,2
BRDA:10,2,0,0
BRDA:14,3,0,2
BRDA:16,4,0,1
BRDA:19,5,0,0
BRDA:23,6,0,1
BRDA:27,7,0,0
BRDA:32,8,0,1
BRDA:36,9,0,0
BRDA:41,10,0,1
BRDA:45,11,0,0
BRF:12
BRH:7
end_of_record
TN:
SF:src\controllers\RentalController.js
FN:5,registeRental
FN:14,findRental
FN:23,findRentalbyId
FN:32,updateRental
FN:41,deleteRental
FNF:5
FNH:4
FNDA:6,registeRental
FNDA:2,findRental
FNDA:1,findRentalbyId
FNDA:0,updateRental
FNDA:2,deleteRental
DA:1,1
DA:2,1
DA:3,1
DA:4,1
DA:5,1
DA:6,6
DA:7,6
DA:8,6
DA:9,6
DA:10,1
DA:11,1
DA:12,6
DA:13,1
DA:14,1
DA:15,2
DA:16,2
DA:17,1
DA:18,1
DA:19,1
DA:20,1
DA:21,2
DA:22,1
DA:23,1
DA:24,1
DA:25,1
DA:26,1
DA:27,1
DA:28,0
DA:29,0
DA:30,1
DA:31,1
DA:32,1
DA:33,0
DA:34,0
DA:35,0
DA:36,0
DA:37,0
DA:38,0
DA:39,0
DA:40,1
DA:41,1
DA:42,2
DA:43,2
DA:44,1
DA:45,1
DA:46,1
DA:47,1
DA:48,2
DA:49,1
DA:50,1
DA:51,1
LF:51
LH:42
BRDA:5,0,0,6
BRDA:9,1,0,1
BRDA:10,2,0,0
BRDA:14,3,0,2
BRDA:16,4,0,1
BRDA:19,5,0,0
BRDA:23,6,0,1
BRDA:27,7,0,0
BRDA:41,8,0,2
BRDA:43,9,0,1
BRDA:46,10,0,0
BRF:11
BRH:7
end_of_record
TN:
SF:src\controllers\ReserveController.js
FN:5,createReserve
FN:14,findReserve
FN:23,findReserveById
FN:32,updateReserve
FN:41,deleteReserve
FNF:5
FNH:0
FNDA:0,createReserve
FNDA:0,findReserve
FNDA:0,findReserveById
FNDA:0,updateReserve
FNDA:0,deleteReserve
DA:1,1
DA:2,1
DA:3,1
DA:4,1
DA:5,1
DA:6,0
DA:7,0
DA:8,0
DA:9,0
DA:10,0
DA:11,0
DA:12,0
DA:13,1
DA:14,1
DA:15,0
DA:16,0
DA:17,0
DA:18,0
DA:19,0
DA:20,0
DA:21,0
DA:22,1
DA:23,1
DA:24,0
DA:25,0
DA:26,0
DA:27,0
DA:28,0
DA:29,0
DA:30,0
DA:31,1
DA:32,1
DA:33,0
DA:34,0
DA:35,0
DA:36,0
DA:37,0
DA:38,0
DA:39,0
DA:40,1
DA:41,1
DA:42,0
DA:43,0
DA:44,0
DA:45,0
DA:46,0
DA:47,0
DA:48,0
DA:49,1
DA:50,1
DA:51,1
LF:51
LH:16
BRF:0
BRH:0
end_of_record
TN:
SF:src\errors\BadRequest.js
FN:2,BadRequest
FNF:1
FNH:1
FNDA:3,BadRequest
DA:1,1
DA:2,1
DA:3,3
DA:4,3
DA:5,3
DA:6,3
DA:7,3
DA:8,3
DA:9,3
DA:10,3
DA:11,3
DA:12,1
DA:13,1
DA:14,1
LF:14
LH:14
BRDA:2,0,0,3
BRF:1
BRH:1
end_of_record
TN:
SF:src\errors\Conflict.js
FN:2,Conflict
FNF:1
FNH:1
FNDA:1,Conflict
DA:1,1
DA:2,1
DA:3,1
DA:4,1
DA:5,1
DA:6,1
DA:7,1
DA:8,1
DA:9,1
DA:10,1
DA:11,1
DA:12,1
DA:13,1
DA:14,1
LF:14
LH:14
BRDA:2,0,0,1
BRF:1
BRH:1
end_of_record
TN:
SF:src\errors\NotFound.js
FN:2,NotFound
FNF:1
FNH:1
FNDA:2,NotFound
DA:1,1
DA:2,1
DA:3,2
DA:4,2
DA:5,2
DA:6,2
DA:7,2
DA:8,2
DA:9,2
DA:10,2
DA:11,2
DA:12,1
DA:13,1
DA:14,1
LF:14
LH:14
BRDA:2,0,0,2
BRF:1
BRH:1
end_of_record
TN:
SF:src\errors\Unauthorized.js
FN:2,Unauthorized
FNF:1
FNH:1
FNDA:1,Unauthorized
DA:1,1
DA:2,1
DA:3,1
DA:4,1
DA:5,1
DA:6,1
DA:7,1
DA:8,1
DA:9,1
DA:10,1
DA:11,1
DA:12,1
DA:13,1
DA:14,1
LF:14
LH:14
BRDA:2,0,0,1
BRF:1
BRH:1
end_of_record
TN:
SF:src\helpers\Address.js
FN:5,findAdress
FNF:1
FNH:1
FNDA:6,findAdress
DA:1,1
DA:2,1
DA:3,1
DA:4,1
DA:5,6
DA:6,6
DA:7,6
DA:8,6
DA:9,6
DA:10,1
DA:11,1
DA:12,6
DA:13,5
DA:14,5
DA:15,5
DA:16,5
DA:17,6
DA:18,6
DA:19,6
DA:20,6
DA:21,6
DA:22,6
DA:23,6
DA:24,5
DA:25,5
DA:26,1
DA:27,1
LF:27
LH:27
BRDA:5,0,0,6
BRDA:9,1,0,5
BRDA:12,2,0,0
BRDA:12,3,0,5
BRDA:24,4,0,5
BRDA:9,5,0,1
BRF:6
BRH:5
end_of_record
TN:
SF:src\helpers\Fleet.js
FN:3,toQueryFleet
FNF:1
FNH:0
FNDA:0,toQueryFleet
DA:1,1
DA:2,1
DA:3,1
DA:4,0
DA:5,0
DA:6,0
DA:7,0
DA:8,0
DA:9,0
DA:10,0
DA:11,0
DA:12,1
DA:13,1
DA:14,1
LF:14
LH:6
BRF:0
BRH:0
end_of_record
TN:
SF:src\helpers\Person.js
FN:5,isAdult
FN:20,toQueryPerson
FN:32,validationCpf
FNF:3
FNH:3
FNDA:9,isAdult
FNDA:2,toQueryPerson
FNDA:9,validationCpf
DA:1,1
DA:2,1
DA:3,1
DA:4,1
DA:5,1
DA:6,9
DA:7,8
DA:8,8
DA:9,8
DA:10,8
DA:11,8
DA:12,8
DA:13,8
DA:14,9
DA:15,1
DA:16,1
DA:17,7
DA:18,7
DA:19,1
DA:20,1
DA:21,2
DA:22,2
DA:23,2
DA:24,2
DA:25,2
DA:26,2
DA:27,2
DA:28,2
DA:29,2
DA:30,2
DA:31,1
DA:32,1
DA:33,9
DA:34,8
DA:35,8
DA:36,8
DA:37,8
DA:38,9
DA:39,8
DA:40,9
DA:41,80
DA:42,80
DA:43,80
DA:44,8
DA:45,9
DA:46,72
DA:47,72
DA:48,8
DA:49,8
DA:50,9
DA:51,8
DA:52,9
DA:53,8
DA:54,8
DA:55,9
DA:56,80
DA:57,80
DA:58,8
DA:59,9
DA:60,8
DA:61,9
DA:62,8
DA:63,8
DA:64,1
DA:65,1
DA:66,1
LF:66
LH:66
BRDA:5,0,0,9
BRDA:6,1,0,1
BRDA:6,2,0,8
BRDA:14,3,0,1
BRDA:17,4,0,7
BRDA:20,5,0,2
BRDA:32,6,0,9
BRDA:33,7,0,1
BRDA:33,8,0,8
BRDA:38,9,0,0
BRDA:38,10,0,8
BRDA:40,11,0,80
BRDA:42,12,0,0
BRDA:44,13,0,8
BRDA:45,14,0,72
BRDA:48,15,0,8
BRDA:50,16,0,0
BRDA:50,17,0,8
BRDA:52,18,0,0
BRDA:52,19,0,8
BRDA:55,20,0,80
BRDA:58,21,0,8
BRDA:59,22,0,0
BRDA:59,23,0,8
BRDA:61,24,0,0
BRDA:61,25,0,8
BRF:26
BRH:20
end_of_record
TN:
SF:src\helpers\Rental.js
FN:4,toQueryRental
FN:23,isFilialValidation
FNF:2
FNH:2
FNDA:2,toQueryRental
FNDA:6,isFilialValidation
DA:1,1
DA:2,1
DA:3,1
DA:4,1
DA:5,2
DA:6,2
DA:7,2
DA:8,2
DA:9,2
DA:10,2
DA:11,2
DA:12,2
DA:13,2
DA:14,2
DA:15,2
DA:16,2
DA:17,2
DA:18,2
DA:19,2
DA:20,2
DA:21,2
DA:22,1
DA:23,1
DA:24,6
DA:25,6
DA:26,6
DA:27,6
DA:28,6
DA:29,6
DA:30,6
DA:31,6
DA:32,1
DA:33,1
DA:34,1
LF:34
LH:34
BRDA:4,0,0,2
BRDA:23,1,0,6
BRDA:30,2,0,0
BRDA:27,3,0,6
BRF:4
BRH:3
end_of_record
TN:
SF:src\helpers\Reserve.js
FN:4,reserveValue
FN:10,toQueryReserve
FNF:2
FNH:0
FNDA:0,reserveValue
FNDA:0,toQueryReserve
DA:1,1
DA:2,1
DA:3,1
DA:4,1
DA:5,0
DA:6,0
DA:7,0
DA:8,0
DA:9,1
DA:10,1
DA:11,0
DA:12,0
DA:13,0
DA:14,0
DA:15,0
DA:16,0
DA:17,0
DA:18,0
DA:19,0
DA:20,0
DA:21,0
DA:22,0
DA:23,0
DA:24,0
DA:25,0
DA:26,1
DA:27,1
LF:27
LH:8
BRF:0
BRH:0
end_of_record
TN:
SF:src\helpers\Vehicles.js
FN:2,toQueryVehicle
FNF:1
FNH:0
FNDA:0,toQueryVehicle
DA:1,1
DA:2,1
DA:3,0
DA:4,0
DA:5,0
DA:6,0
DA:7,0
DA:8,0
DA:9,0
DA:10,0
DA:11,0
DA:12,0
DA:13,0
DA:14,0
DA:15,0
DA:16,0
DA:17,0
DA:18,0
DA:19,1
DA:20,1
DA:21,1
LF:21
LH:5
BRF:0
BRH:0
end_of_record
TN:
SF:src\helpers\formatError.js
FN:1,formatError
FNF:1
FNH:1
FNDA:8,formatError
DA:1,8
DA:2,8
DA:3,8
DA:4,8
DA:5,8
DA:6,8
DA:7,8
DA:8,8
DA:9,8
DA:10,0
DA:11,0
DA:12,8
DA:13,1
DA:14,1
LF:14
LH:12
BRDA:1,0,0,8
BRDA:9,1,0,0
BRDA:4,2,0,8
BRF:3
BRH:2
end_of_record
TN:
SF:src\helpers\paginateTemplate.js
FNF:0
FNH:0
DA:1,1
DA:2,1
DA:3,1
DA:4,1
DA:5,1
DA:6,1
DA:7,1
DA:8,1
DA:9,1
DA:10,1
DA:11,1
DA:12,1
DA:13,1
LF:13
LH:13
BRF:0
BRH:0
end_of_record
TN:
SF:src\helpers\schemaFleet.js
FNF:0
FNH:0
DA:1,1
DA:2,1
DA:3,1
DA:4,1
DA:5,1
DA:6,1
DA:7,1
DA:8,1
DA:9,1
DA:10,1
DA:11,1
DA:12,1
DA:13,1
DA:14,1
DA:15,1
DA:16,1
DA:17,1
DA:18,1
DA:19,1
DA:20,1
LF:20
LH:20
BRF:0
BRH:0
end_of_record
TN:
SF:src\helpers\schemaRental.js
FNF:0
FNH:0
DA:1,1
DA:2,1
DA:3,1
DA:4,1
DA:5,1
DA:6,1
DA:7,1
DA:8,1
DA:9,1
DA:10,1
DA:11,1
DA:12,1
DA:13,1
DA:14,1
DA:15,1
DA:16,1
DA:17,1
DA:18,1
DA:19,1
DA:20,1
DA:21,1
DA:22,1
DA:23,1
DA:24,1
DA:25,1
DA:26,1
DA:27,1
DA:28,1
DA:29,1
DA:30,1
LF:30
LH:30
BRF:0
BRH:0
end_of_record
TN:
SF:src\helpers\schemaReserve.js
FNF:0
FNH:0
DA:1,1
DA:2,1
DA:3,1
DA:4,1
DA:5,1
DA:6,1
DA:7,1
DA:8,1
DA:9,1
DA:10,1
DA:11,1
DA:12,1
DA:13,1
DA:14,1
DA:15,1
DA:16,1
DA:17,1
DA:18,1
DA:19,1
DA:20,1
DA:21,1
DA:22,1
LF:22
LH:22
BRF:0
BRH:0
end_of_record
TN:
SF:src\helpers\schemaVehicles.js
FNF:0
FNH:0
DA:1,1
DA:2,1
DA:3,1
DA:4,1
DA:5,1
DA:6,1
DA:7,1
DA:8,1
DA:9,1
DA:10,1
DA:11,1
DA:12,1
DA:13,1
DA:14,1
DA:15,1
DA:16,1
DA:17,1
DA:18,1
DA:19,1
DA:20,1
DA:21,1
DA:22,1
DA:23,1
DA:24,1
DA:25,1
DA:26,1
LF:26
LH:26
BRF:0
BRH:0
end_of_record
TN:
SF:src\helpers\schemasPerson.js
FNF:0
FNH:0
DA:1,1
DA:2,1
DA:3,1
DA:4,1
DA:5,1
DA:6,1
DA:7,1
DA:8,1
DA:9,1
DA:10,1
DA:11,1
DA:12,1
DA:13,1
DA:14,1
DA:15,1
DA:16,1
DA:17,1
DA:18,1
DA:19,1
DA:20,1
DA:21,1
DA:22,1
DA:23,1
DA:24,1
DA:25,1
DA:26,1
DA:27,1
DA:28,1
DA:29,1
DA:30,1
DA:31,1
DA:32,1
LF:32
LH:32
BRF:0
BRH:0
end_of_record
TN:
SF:src\middleware\auth.js
FN:6,Object.<anonymous>.module.exports
FNF:1
FNH:1
FNDA:1,Object.<anonymous>.module.exports
DA:1,1
DA:2,1
DA:3,1
DA:4,1
DA:5,1
DA:6,1
DA:7,1
DA:8,1
DA:9,1
DA:10,1
DA:11,1
DA:12,1
DA:13,1
DA:14,0
DA:15,0
DA:16,0
DA:17,0
DA:18,1
DA:19,1
DA:20,1
DA:21,1
LF:21
LH:17
BRDA:6,0,0,1
BRDA:19,1,0,0
BRF:2
BRH:1
end_of_record
TN:
SF:src\middleware\fleetValidator.js
FN:4,Object.<anonymous>.module.exports
FNF:1
FNH:0
FNDA:0,Object.<anonymous>.module.exports
DA:1,1
DA:2,1
DA:3,1
DA:4,1
DA:5,0
DA:6,0
DA:7,0
DA:8,0
DA:9,0
DA:10,0
DA:11,0
DA:12,0
DA:13,0
DA:14,0
DA:15,0
DA:16,0
DA:17,0
DA:18,0
LF:18
LH:4
BRF:0
BRH:0
end_of_record
TN:
SF:src\middleware\personValidator.js
FN:6,Object.<anonymous>.module.exports
FNF:1
FNH:1
FNDA:9,Object.<anonymous>.module.exports
DA:1,1
DA:2,1
DA:3,1
DA:4,1
DA:5,1
DA:6,1
DA:7,9
DA:8,9
DA:9,8
DA:10,8
DA:11,8
DA:12,9
DA:13,1
DA:14,1
DA:15,1
DA:16,9
DA:17,9
DA:18,9
DA:19,0
DA:20,0
DA:21,9
LF:21
LH:19
BRDA:6,0,0,9
BRDA:8,1,0,8
BRDA:12,2,0,1
BRDA:16,3,0,0
BRDA:18,4,0,0
BRF:5
BRH:3
end_of_record
TN:
SF:src\middleware\rentalValidator.js
FN:5,Object.<anonymous>.module.exports
FNF:1
FNH:1
FNDA:7,Object.<anonymous>.module.exports
DA:1,1
DA:2,1
DA:3,1
DA:4,1
DA:5,1
DA:6,7
DA:7,7
DA:8,7
DA:9,6
DA:10,6
DA:11,6
DA:12,7
DA:13,0
DA:14,0
DA:15,0
DA:16,7
DA:17,7
DA:18,1
DA:19,1
DA:20,7
LF:20
LH:17
BRDA:5,0,0,7
BRDA:8,1,0,6
BRDA:12,2,0,0
BRDA:17,3,0,1
BRF:4
BRH:3
end_of_record
TN:
SF:src\middleware\reserveValidator.js
FN:4,Object.<anonymous>.module.exports
FNF:1
FNH:0
FNDA:0,Object.<anonymous>.module.exports
DA:1,1
DA:2,1
DA:3,1
DA:4,1
DA:5,0
DA:6,0
DA:7,0
DA:8,0
DA:9,0
DA:10,0
DA:11,0
DA:12,0
DA:13,0
DA:14,0
DA:15,0
DA:16,0
DA:17,0
DA:18,0
LF:18
LH:4
BRF:0
BRH:0
end_of_record
TN:
SF:src\middleware\vehiclesValidator.js
FN:4,Object.<anonymous>.module.exports
FNF:1
FNH:0
FNDA:0,Object.<anonymous>.module.exports
DA:1,1
DA:2,1
DA:3,1
DA:4,1
DA:5,0
DA:6,0
DA:7,0
DA:8,0
DA:9,0
DA:10,0
DA:11,0
DA:12,0
DA:13,0
DA:14,0
DA:15,0
DA:16,0
DA:17,0
DA:18,0
DA:19,0
LF:19
LH:4
BRF:0
BRH:0
end_of_record
TN:
SF:src\models\fleetModel.js
FNF:0
FNH:0
DA:1,1
DA:2,1
DA:3,1
DA:4,1
DA:5,1
DA:6,1
DA:7,1
DA:8,1
DA:9,1
DA:10,1
DA:11,1
DA:12,1
DA:13,1
DA:14,1
DA:15,1
DA:16,1
DA:17,1
DA:18,1
DA:19,1
DA:20,1
DA:21,1
DA:22,1
DA:23,1
DA:24,1
DA:25,1
DA:26,1
DA:27,1
DA:28,1
DA:29,1
DA:30,1
DA:31,1
DA:32,1
DA:33,1
DA:34,1
DA:35,1
LF:35
LH:35
BRF:0
BRH:0
end_of_record
TN:
SF:src\models\personModel.js
FNF:0
FNH:0
DA:1,1
DA:2,1
DA:3,1
DA:4,1
DA:5,1
DA:6,1
DA:7,1
DA:8,1
DA:9,1
DA:10,1
DA:11,1
DA:12,1
DA:13,1
DA:14,1
DA:15,1
DA:16,1
DA:17,1
DA:18,1
DA:19,1
DA:20,1
DA:21,1
DA:22,1
DA:23,1
DA:24,1
DA:25,1
DA:26,1
DA:27,1
DA:28,1
DA:29,1
DA:30,1
DA:31,1
DA:32,1
DA:33,1
DA:34,1
DA:35,1
DA:36,1
DA:37,1
DA:38,1
DA:39,1
DA:40,7
DA:41,7
DA:42,7
DA:43,7
DA:44,1
DA:45,1
DA:46,1
DA:47,1
LF:47
LH:47
BRDA:39,0,0,7
BRF:1
BRH:1
end_of_record
TN:
SF:src\models\rentalModel.js
FNF:0
FNH:0
DA:1,1
DA:2,1
DA:3,1
DA:4,1
DA:5,1
DA:6,1
DA:7,1
DA:8,1
DA:9,1
DA:10,1
DA:11,1
DA:12,1
DA:13,1
DA:14,1
DA:15,1
DA:16,1
DA:17,1
DA:18,1
DA:19,1
DA:20,1
DA:21,1
DA:22,1
DA:23,1
DA:24,1
DA:25,1
DA:26,1
DA:27,1
DA:28,1
DA:29,1
DA:30,1
DA:31,1
DA:32,1
DA:33,1
DA:34,1
DA:35,1
DA:36,1
DA:37,1
DA:38,1
DA:39,1
DA:40,1
DA:41,1
DA:42,1
DA:43,1
DA:44,1
DA:45,1
DA:46,1
DA:47,1
DA:48,1
DA:49,1
DA:50,1
DA:51,1
DA:52,1
DA:53,1
DA:54,1
DA:55,1
DA:56,1
DA:57,1
DA:58,1
DA:59,1
DA:60,1
DA:61,1
LF:61
LH:61
BRF:0
BRH:0
end_of_record
TN:
SF:src\models\reserveModel.js
FNF:0
FNH:0
DA:1,1
DA:2,1
DA:3,1
DA:4,1
DA:5,1
DA:6,1
DA:7,1
DA:8,1
DA:9,1
DA:10,1
DA:11,1
DA:12,1
DA:13,1
DA:14,1
DA:15,1
DA:16,1
DA:17,1
DA:18,1
DA:19,1
DA:20,1
DA:21,1
DA:22,1
DA:23,1
DA:24,1
DA:25,1
DA:26,1
DA:27,1
DA:28,1
DA:29,1
DA:30,1
DA:31,1
DA:32,1
DA:33,1
DA:34,1
DA:35,1
DA:36,1
DA:37,1
DA:38,1
LF:38
LH:38
BRF:0
BRH:0
end_of_record
TN:
SF:src\models\vehiclesModel.js
FNF:0
FNH:0
DA:1,1
DA:2,1
DA:3,1
DA:4,1
DA:5,1
DA:6,1
DA:7,1
DA:8,1
DA:9,1
DA:10,1
DA:11,1
DA:12,1
DA:13,1
DA:14,1
DA:15,1
DA:16,1
DA:17,1
DA:18,1
DA:19,1
DA:20,1
DA:21,1
DA:22,1
DA:23,1
DA:24,1
DA:25,1
DA:26,1
DA:27,1
DA:28,1
DA:29,1
DA:30,1
DA:31,1
DA:32,1
DA:33,1
DA:34,1
DA:35,1
DA:36,1
DA:37,1
DA:38,1
DA:39,1
DA:40,1
DA:41,1
DA:42,1
DA:43,1
DA:44,1
DA:45,1
DA:46,1
LF:46
LH:46
BRF:0
BRH:0
end_of_record
TN:
SF:src\repository\AuthRepository.js
FN:4,findPerson
FNF:1
FNH:0
FNDA:0,findPerson
DA:1,1
DA:2,1
DA:3,1
DA:4,1
DA:5,0
DA:6,0
DA:7,0
DA:8,1
DA:9,1
DA:10,1
LF:10
LH:7
BRF:0
BRH:0
end_of_record
TN:
SF:src\repository\CarRepository.js
FN:6,create
FN:11,findCars
FN:22,findCarById
FN:29,updateCar
FN:36,updateAccessorie
FN:47,deleteCar
FNF:6
FNH:0
FNDA:0,create
FNDA:0,findCars
FNDA:0,findCarById
FNDA:0,updateCar
FNDA:0,updateAccessorie
FNDA:0,deleteCar
DA:1,1
DA:2,1
DA:3,1
DA:4,1
DA:5,1
DA:6,1
DA:7,0
DA:8,0
DA:9,0
DA:10,1
DA:11,1
DA:12,0
DA:13,0
DA:14,0
DA:15,0
DA:16,0
DA:17,0
DA:18,0
DA:19,0
DA:20,0
DA:21,1
DA:22,1
DA:23,0
DA:24,0
DA:25,0
DA:26,0
DA:27,0
DA:28,1
DA:29,1
DA:30,0
DA:31,0
DA:32,0
DA:33,0
DA:34,0
DA:35,1
DA:36,1
DA:37,0
DA:38,0
DA:39,0
DA:40,0
DA:41,0
DA:42,0
DA:43,0
DA:44,0
DA:45,0
DA:46,1
DA:47,1
DA:48,0
DA:49,0
DA:50,0
DA:51,0
DA:52,0
DA:53,1
DA:54,1
DA:55,1
LF:55
LH:19
BRF:0
BRH:0
end_of_record
TN:
SF:src\repository\FleetRepository.js
FN:7,create
FN:19,findFleet
FN:35,findFleetById
FN:42,updateFleet
FN:52,deleteFleet
FNF:5
FNH:0
FNDA:0,create
FNDA:0,findFleet
FNDA:0,findFleetById
FNDA:0,updateFleet
FNDA:0,deleteFleet
DA:1,1
DA:2,1
DA:3,1
DA:4,1
DA:5,1
DA:6,1
DA:7,1
DA:8,0
DA:9,0
DA:10,0
DA:11,0
DA:12,0
DA:13,0
DA:14,0
DA:15,0
DA:16,0
DA:17,0
DA:18,1
DA:19,1
DA:20,0
DA:21,0
DA:22,0
DA:23,0
DA:24,0
DA:25,0
DA:26,0
DA:27,0
DA:28,0
DA:29,0
DA:30,0
DA:31,0
DA:32,0
DA:33,0
DA:34,1
DA:35,1
DA:36,0
DA:37,0
DA:38,0
DA:39,0
DA:40,0
DA:41,1
DA:42,1
DA:43,0
DA:44,0
DA:45,0
DA:46,0
DA:47,0
DA:48,0
DA:49,0
DA:50,0
DA:51,1
DA:52,1
DA:53,0
DA:54,0
DA:55,0
DA:56,0
DA:57,0
DA:58,1
DA:59,1
DA:60,1
LF:60
LH:18
BRF:0
BRH:0
end_of_record
TN:
SF:src\repository\PersonRepository.js
FN:7,create
FN:15,findPeople
FN:26,findPersonById
FN:33,updatePerson
FN:42,deletePerson
FNF:5
FNH:5
FNDA:7,create
FNDA:2,findPeople
FNDA:1,findPersonById
FNDA:1,updatePerson
FNDA:1,deletePerson
DA:1,1
DA:2,1
DA:3,1
DA:4,1
DA:5,1
DA:6,1
DA:7,1
DA:8,7
DA:9,1
DA:10,1
DA:11,1
DA:12,6
DA:13,6
DA:14,1
DA:15,1
DA:16,2
DA:17,2
DA:18,2
DA:19,2
DA:20,2
DA:21,2
DA:22,2
DA:23,2
DA:24,2
DA:25,1
DA:26,1
DA:27,1
DA:28,0
DA:29,0
DA:30,1
DA:31,1
DA:32,1
DA:33,1
DA:34,1
DA:35,0
DA:36,0
DA:37,0
DA:38,0
DA:39,1
DA:40,1
DA:41,1
DA:42,1
DA:43,1
DA:44,0
DA:45,0
DA:46,1
DA:47,1
DA:48,1
DA:49,1
DA:50,1
LF:50
LH:42
BRDA:7,0,0,7
BRDA:8,1,0,6
BRDA:8,2,0,1
BRDA:9,3,0,0
BRDA:15,4,0,2
BRDA:26,5,0,1
BRDA:33,6,0,1
BRDA:42,7,0,1
BRF:8
BRH:7
end_of_record
TN:
SF:src\repository\RentalRepository.js
FN:7,create
FN:13,findAll
FN:24,findById
FN:30,updateRental
FN:38,delete
FNF:5
FNH:4
FNDA:5,create
FNDA:2,findAll
FNDA:1,findById
FNDA:0,updateRental
FNDA:2,delete
DA:1,1
DA:2,1
DA:3,1
DA:4,1
DA:5,1
DA:6,1
DA:7,1
DA:8,5
DA:9,0
DA:10,0
DA:11,5
DA:12,1
DA:13,1
DA:14,2
DA:15,2
DA:16,2
DA:17,2
DA:18,2
DA:19,2
DA:20,2
DA:21,2
DA:22,2
DA:23,1
DA:24,1
DA:25,1
DA:26,0
DA:27,0
DA:28,1
DA:29,1
DA:30,1
DA:31,0
DA:32,0
DA:33,0
DA:34,0
DA:35,0
DA:36,0
DA:37,1
DA:38,1
DA:39,2
DA:40,1
DA:41,1
DA:42,2
DA:43,1
DA:44,1
DA:45,1
LF:45
LH:35
BRDA:7,0,0,5
BRDA:13,1,0,2
BRDA:24,2,0,1
BRDA:38,3,0,2
BRDA:39,4,0,1
BRF:5
BRH:5
end_of_record
TN:
SF:src\repository\ReserveRepository.js
FN:6,createReserve
FN:11,findReserve
FN:27,findById
FN:34,updateReserve
FN:41,deleteReserve
FNF:5
FNH:0
FNDA:0,createReserve
FNDA:0,findReserve
FNDA:0,findById
FNDA:0,updateReserve
FNDA:0,deleteReserve
DA:1,1
DA:2,1
DA:3,1
DA:4,1
DA:5,1
DA:6,1
DA:7,0
DA:8,0
DA:9,0
DA:10,1
DA:11,1
DA:12,0
DA:13,0
DA:14,0
DA:15,0
DA:16,0
DA:17,0
DA:18,0
DA:19,0
DA:20,0
DA:21,0
DA:22,0
DA:23,0
DA:24,0
DA:25,0
DA:26,1
DA:27,1
DA:28,0
DA:29,0
DA:30,0
DA:31,0
DA:32,0
DA:33,1
DA:34,1
DA:35,0
DA:36,0
DA:37,0
DA:38,0
DA:39,0
DA:40,1
DA:41,1
DA:42,0
DA:43,0
DA:44,0
DA:45,0
DA:46,0
DA:47,1
DA:48,1
DA:49,1
LF:49
LH:17
BRF:0
BRH:0
end_of_record
TN:
SF:src\routes\index.js
FN:10,Object.<anonymous>.module.exports
FNF:1
FNH:1
FNDA:3,Object.<anonymous>.module.exports
DA:1,1
DA:2,1
DA:3,1
DA:4,1
DA:5,1
DA:6,1
DA:7,1
DA:8,1
DA:9,1
DA:10,1
DA:11,3
DA:12,26
DA:13,26
DA:14,26
DA:15,26
DA:16,26
DA:17,26
DA:18,26
DA:19,26
DA:20,26
DA:21,3
LF:21
LH:21
BRDA:10,0,0,3
BRDA:11,1,0,26
BRF:2
BRH:2
end_of_record
TN:
SF:src\routes\routeAuth.js
FN:3,Object.<anonymous>.module.exports
FNF:1
FNH:1
FNDA:26,Object.<anonymous>.module.exports
DA:1,1
DA:2,1
DA:3,1
DA:4,26
DA:5,26
DA:6,26
DA:7,26
LF:7
LH:7
BRDA:3,0,0,26
BRF:1
BRH:1
end_of_record
TN:
SF:src\routes\routeSwagger.js
FN:4,Object.<anonymous>.module.exports
FNF:1
FNH:1
FNDA:26,Object.<anonymous>.module.exports
DA:1,1
DA:2,1
DA:3,1
DA:4,1
DA:5,26
DA:6,26
DA:7,26
DA:8,26
DA:9,26
LF:9
LH:9
BRDA:4,0,0,26
BRF:1
BRH:1
end_of_record
TN:
SF:src\routes\routesCar.js
FN:5,Object.<anonymous>.module.exports
FNF:1
FNH:1
FNDA:26,Object.<anonymous>.module.exports
DA:1,1
DA:2,1
DA:3,1
DA:4,1
DA:5,1
DA:6,26
DA:7,26
DA:8,26
DA:9,26
DA:10,26
DA:11,26
DA:12,26
DA:13,26
DA:14,26
DA:15,26
DA:16,26
LF:16
LH:16
BRDA:5,0,0,26
BRF:1
BRH:1
end_of_record
TN:
SF:src\routes\routesFleet.js
FN:4,Object.<anonymous>.module.exports
FNF:1
FNH:1
FNDA:26,Object.<anonymous>.module.exports
DA:1,1
DA:2,1
DA:3,1
DA:4,1
DA:5,26
DA:6,26
DA:7,26
DA:8,26
DA:9,26
DA:10,26
DA:11,26
DA:12,26
DA:13,26
LF:13
LH:13
BRDA:4,0,0,26
BRF:1
BRH:1
end_of_record
TN:
SF:src\routes\routesPerson.js
FN:4,Object.<anonymous>.module.exports
FNF:1
FNH:1
FNDA:26,Object.<anonymous>.module.exports
DA:1,1
DA:2,1
DA:3,1
DA:4,1
DA:5,26
DA:6,26
DA:7,26
DA:8,26
DA:9,26
DA:10,26
DA:11,26
DA:12,26
DA:13,26
LF:13
LH:13
BRDA:4,0,0,26
BRF:1
BRH:1
end_of_record
TN:
SF:src\routes\routesRental.js
FN:4,Object.<anonymous>.module.exports
FNF:1
FNH:1
FNDA:26,Object.<anonymous>.module.exports
DA:1,1
DA:2,1
DA:3,1
DA:4,1
DA:5,26
DA:6,26
DA:7,26
DA:8,26
DA:9,26
DA:10,26
DA:11,26
DA:12,26
DA:13,26
LF:13
LH:13
BRDA:4,0,0,26
BRF:1
BRH:1
end_of_record
TN:
SF:src\routes\routesReserve.js
FN:4,Object.<anonymous>.module.exports
FNF:1
FNH:1
FNDA:26,Object.<anonymous>.module.exports
DA:1,1
DA:2,1
DA:3,1
DA:4,1
DA:5,26
DA:6,26
DA:7,26
DA:8,26
DA:9,26
DA:10,26
DA:11,26
DA:12,26
DA:13,26
LF:13
LH:13
BRDA:4,0,0,26
BRF:1
BRH:1
end_of_record
TN:
SF:src\services\AuthServices.js
FN:9,authenticate
FNF:1
FNH:0
FNDA:0,authenticate
DA:1,1
DA:2,1
DA:3,1
DA:4,1
DA:5,1
DA:6,1
DA:7,1
DA:8,1
DA:9,1
DA:10,0
DA:11,0
DA:12,0
DA:13,0
DA:14,0
DA:15,0
DA:16,0
DA:17,0
DA:18,1
DA:19,1
DA:20,1
LF:20
LH:12
BRF:0
BRH:0
end_of_record
TN:
SF:src\services\CarServices.js
FN:6,create
FN:11,findAllCars
FN:20,findCarById
FN:28,updateCar
FN:36,updateAccessories
FN:42,deleteCar
FNF:6
FNH:0
FNDA:0,create
FNDA:0,findAllCars
FNDA:0,findCarById
FNDA:0,updateCar
FNDA:0,updateAccessories
FNDA:0,deleteCar
DA:1,1
DA:2,1
DA:3,1
DA:4,1
DA:5,1
DA:6,1
DA:7,0
DA:8,0
DA:9,0
DA:10,1
DA:11,1
DA:12,0
DA:13,0
DA:14,0
DA:15,0
DA:16,0
DA:17,0
DA:18,0
DA:19,1
DA:20,1
DA:21,0
DA:22,0
DA:23,0
DA:24,0
DA:25,0
DA:26,0
DA:27,1
DA:28,1
DA:29,0
DA:30,0
DA:31,0
DA:32,0
DA:33,0
DA:34,0
DA:35,1
DA:36,1
DA:37,0
DA:38,0
DA:39,0
DA:40,0
DA:41,1
DA:42,1
DA:43,0
DA:44,0
DA:45,0
DA:46,0
DA:47,0
DA:48,1
DA:49,1
DA:50,1
LF:50
LH:19
BRF:0
BRH:0
end_of_record
TN:
SF:src\services\FleetServices.js
FN:8,create
FN:21,findFleet
FN:30,findFleetById
FN:38,updateFleet
FN:46,deleteFleet
FNF:5
FNH:0
FNDA:0,create
FNDA:0,findFleet
FNDA:0,findFleetById
FNDA:0,updateFleet
FNDA:0,deleteFleet
DA:1,1
DA:2,1
DA:3,1
DA:4,1
DA:5,1
DA:6,1
DA:7,1
DA:8,1
DA:9,0
DA:10,0
DA:11,0
DA:12,0
DA:13,0
DA:14,0
DA:15,0
DA:16,0
DA:17,0
DA:18,0
DA:19,0
DA:20,1
DA:21,1
DA:22,0
DA:23,0
DA:24,0
DA:25,0
DA:26,0
DA:27,0
DA:28,0
DA:29,1
DA:30,1
DA:31,0
DA:32,0
DA:33,0
DA:34,0
DA:35,0
DA:36,0
DA:37,1
DA:38,1
DA:39,0
DA:40,0
DA:41,0
DA:42,0
DA:43,0
DA:44,0
DA:45,1
DA:46,1
DA:47,0
DA:48,0
DA:49,0
DA:50,0
DA:51,0
DA:52,0
DA:53,1
DA:54,1
DA:55,1
LF:55
LH:19
BRF:0
BRH:0
end_of_record
TN:
SF:src\services\PersonServices.js
FN:6,create
FN:12,findAllPeople
FN:21,findPersonById
FN:29,updatePerson
FN:36,deletePerson
FNF:5
FNH:5
FNDA:8,create
FNDA:2,findAllPeople
FNDA:1,findPersonById
FNDA:1,updatePerson
FNDA:1,deletePerson
DA:1,1
DA:2,1
DA:3,1
DA:4,1
DA:5,1
DA:6,1
DA:7,8
DA:8,8
DA:9,6
DA:10,6
DA:11,1
DA:12,1
DA:13,2
DA:14,2
DA:15,2
DA:16,1
DA:17,1
DA:18,1
DA:19,1
DA:20,1
DA:21,1
DA:22,1
DA:23,1
DA:24,0
DA:25,0
DA:26,1
DA:27,1
DA:28,1
DA:29,1
DA:30,1
DA:31,1
DA:32,1
DA:33,1
DA:34,1
DA:35,1
DA:36,1
DA:37,1
DA:38,1
DA:39,0
DA:40,0
DA:41,1
DA:42,1
DA:43,1
DA:44,1
LF:44
LH:40
BRDA:6,0,0,8
BRDA:8,1,0,6
BRDA:12,2,0,2
BRDA:15,3,0,1
BRDA:21,4,0,1
BRDA:23,5,0,0
BRDA:29,6,0,1
BRDA:32,7,0,0
BRDA:36,8,0,1
BRDA:38,9,0,0
BRF:10
BRH:7
end_of_record
TN:
SF:src\services\RentalServices.js
FN:7,create
FN:13,findRental
FN:20,findById
FN:26,updateRental
FN:31,deleteRental
FNF:5
FNH:4
FNDA:6,create
FNDA:2,findRental
FNDA:1,findById
FNDA:0,updateRental
FNDA:2,deleteRental
DA:1,1
DA:2,1
DA:3,1
DA:4,1
DA:5,1
DA:6,1
DA:7,1
DA:8,6
DA:9,5
DA:10,5
DA:11,5
DA:12,1
DA:13,1
DA:14,2
DA:15,2
DA:16,2
DA:17,1
DA:18,1
DA:19,1
DA:20,1
DA:21,1
DA:22,1
DA:23,1
DA:24,1
DA:25,1
DA:26,1
DA:27,0
DA:28,0
DA:29,0
DA:30,1
DA:31,1
DA:32,2
DA:33,2
DA:34,2
DA:35,1
DA:36,1
DA:37,1
LF:37
LH:34
BRDA:7,0,0,6
BRDA:8,1,0,5
BRDA:13,2,0,2
BRDA:16,3,0,1
BRDA:20,4,0,1
BRDA:22,5,0,0
BRDA:31,6,0,2
BRDA:32,7,0,1
BRDA:33,8,0,0
BRF:9
BRH:7
end_of_record
TN:
SF:src\services\ReserveServices.js
FN:10,createReserve
FN:28,findReserve
FN:35,findById
FN:41,updateReserve
FN:47,deleteReserve
FNF:5
FNH:0
FNDA:0,createReserve
FNDA:0,findReserve
FNDA:0,findById
FNDA:0,updateReserve
FNDA:0,deleteReserve
DA:1,1
DA:2,1
DA:3,1
DA:4,1
DA:5,1
DA:6,1
DA:7,1
DA:8,1
DA:9,1
DA:10,1
DA:11,0
DA:12,0
DA:13,0
DA:14,0
DA:15,0
DA:16,0
DA:17,0
DA:18,0
DA:19,0
DA:20,0
DA:21,0
DA:22,0
DA:23,0
DA:24,0
DA:25,0
DA:26,0
DA:27,1
DA:28,1
DA:29,0
DA:30,0
DA:31,0
DA:32,0
DA:33,0
DA:34,1
DA:35,1
DA:36,0
DA:37,0
DA:38,0
DA:39,0
DA:40,1
DA:41,1
DA:42,0
DA:43,0
DA:44,0
DA:45,0
DA:46,1
DA:47,1
DA:48,0
DA:49,0
DA:50,0
DA:51,0
DA:52,1
DA:53,1
DA:54,1
LF:54
LH:21
BRF:0
BRH:0
end_of_record
